ProtocolGame parse message exception (297 bytes, 175 unread, last opcode is 0xaa (170), prev opcode is 0xb4 (180), proto: 860): unknown message mode 0
2c 01 12 9d 27 87 21 01 
b4 12 64 00 5b 50 56 50 5d 20 6f 20 6a 6f 67 61 64 6f 72 20 5b 43 72 61 7a 7a 79 5d 20 28 35 37 38 29 20 6d 61 6e 64 6f 75 20 64 65 20 6c 69 6c 20 70 65 65 70 20 6f 20 6d 61 6e 6f 20 5b 4d 61 6a 6f 72 74 65 78 61 73 5d 20 28 32 30 34 29 20 65 20 61 67 6f 72 61 20 70 6f 73 73 75 69 20 2d 31 20 6b 69 6c 6c 73 2e 
aa 00 00 00 00 00 00 00 00 00 0f 00 62 00 74 68 65 20 70 6c 61 79 65 72 20 4d 61 6a 6f 72 74 65 78 61 73 20 5b 32 30 34 5d 20 20 66 6f 69 20 64 65 20 62 61 73 65 20 6b 6b 6b 6b 6b 6b 6b 20 6f 74 61 72 69 6f 20 73 65 20 66 75 64 65 75 20 61 70 6f 73 20 6d 6f 72 72 65 72 20 70 65 6c 6f 3a 20 43 72 61 7a 7a 79 20 5b 35 37 38 5d 20 20 2e 6c 57 04 10 04 05 02 6a 57 04 10 04 05 02 46 0b 05 6a 57 04 10 04 05 04 90 10 8f 00 00 00 10 72 02 90 00 00 00 10 00 8c 00 00 00 10 00 01 64 84 57 04 10 04 05 05 04 00 31 2e 32 4b 92 00 00 00 10 00 6c 57 04 10 04 05 03 

ProtocolGame parse message exception (513 bytes, 391 unread, last opcode is 0xaa (170), prev opcode is 0xb4 (180), proto: 860): unknown message mode 0
04 02 88 0b ff fb f9 01 
b4 12 64 00 5b 50 56 50 5d 20 6f 20 6a 6f 67 61 64 6f 72 20 5b 43 72 61 7a 7a 79 5d 20 28 35 37 38 29 20 6d 61 6e 64 6f 75 20 64 65 20 6c 69 6c 20 70 65 65 70 20 6f 20 6d 61 6e 6f 20 5b 4d 61 6a 6f 72 74 65 78 61 73 5d 20 28 32 30 34 29 20 65 20 61 67 6f 72 61 20 70 6f 73 73 75 69 20 2d 31 20 6b 69 6c 6c 73 2e 
aa 00 00 00 00 00 00 00 00 00 0f 00 62 00 74 68 65 20 70 6c 61 79 65 72 20 4d 61 6a 6f 72 74 65 78 61 73 20 5b 32 30 34 5d 20 20 66 6f 69 20 64 65 20 62 61 73 65 20 6b 6b 6b 6b 6b 6b 6b 20 6f 74 61 72 69 6f 20 73 65 20 66 75 64 65 75 20 61 70 6f 73 20 6d 6f 72 72 65 72 20 70 65 6c 6f 3a 20 43 72 61 7a 7a 79 20 5b 35 37 38 5d 20 20 2e 6c 57 04 10 04 05 02 6a 57 04 10 04 05 02 46 0b 05 6a 57 04 10 04 05 04 90 10 79 03 8f 00 00 00 10 72 02 a2 80 00 a0 00 00 a2 44 57 03 11 00 40 b0 32 08 cc 00 07 26 b8 26 b8 2f 51 3b d8 09 79 03 90 00 00 00 10 00 a2 00 00 a2 80 00 8c 00 00 00 10 00 01 64 a0 00 00 fe 3d cf ef 10 00 11 6a 23 08 cb 00 07 76 b3 76 b3 2f 51 3b d8 09 a0 00 00 fe 3d cf ef 10 00 11 6a 23 08 cb 00 07 76 b3 76 b3 2f 51 3b d8 09 b4 18 13 00 59 6f 75 20 6c 6f 73 65 20 31 32 30 30 20 6d 61 6e 61 2e 84 57 04 10 04 05 05 04 00 31 2e 32 4b b4 16 30 00 59 6f 75 20 77 65 72 65 20 64 6f 77 6e 67 72 61 64 65 64 20 66 72 6f 6d 20 4c 65 76 65 6c 20 32 30 34 20 74 6f 20 4c 65 76 65 6c 20 32 30 33 2e 92 00 00 00 10 00 a2 80 00 a0 00 00 fe 3d cf ef 10 00 11 6a 23 08 cb 00 3a 76 b3 76 b3 2f 49 3b d8 09 a1 79 55 47 23 2c 62 0a 00 0a 00 0a 00 0a 00 a2 80 00 a2 80 00 a2 80 00 6c 57 04 10 04 05 03 28 

ProtocolGame parse message exception (351 bytes, 180 unread, last opcode is 0xaa (170), prev opcode is 0xb4 (180), proto: 860): unknown message mode 0
64 01 83 ab 55 94 57 01 b4 12 64 00 5b 50 56 50 5d 20 6f 20 6a 6f 67 61 64 6f 72 20 5b 43 72 61 7a 7a 79 5d 20 28 35 37 38 29 20 6d 61 6e 64 6f 75 20 64 65 20 6c 69 6c 20 70 65 65 70 20 6f 20 6d 61 6e 6f 20 5b 4d 61 6a 6f 72 74 65 78 61 73 5d 20 28 32 30 34 29 20 65 20 61 67 6f 72 61 20 70 6f 73 73 75 69 20 2d 31 20 6b 69 6c 6c 73 2e 
b4 19 2d 00 50 61 72 61 62 65 6e 73 21 2c 20 43 6f 6d 65 75 20 6f 20 63 75 20 64 6f 20 63 61 72 61 20 6b 6b 6b 20 5b 54 6f 74 61 6c 3a 20 30 5d 2e 
aa 00 00 00 00 00 00 00 00 00 0f 00 62 00 74 68 65 20 70 6c 61 79 65 72 20 4d 61 6a 6f 72 74 65 78 61 73 20 5b 32 30 34 5d 20 20 66 6f 69 20 64 65 20 62 61 73 65 20 6b 6b 6b 6b 6b 6b 6b 20 6f 74 61 72 69 6f 20 73 65 20 66 75 64 65 75 20 61 70 6f 73 20 6d 6f 72 72 65 72 20 70 65 6c 6f 3a 20 43 72 61 7a 7a 79 20 5b 35 37 38 5d 20 20 2e 6c 57 04 10 04 05 02 6a 57 04 10 04 05 02 46 0b 05 6a 57 04 10 04 05 04 90 10 8f 00 00 00 10 72 02 90 00 00 00 10 00 8c 00 00 00 10 00 01 64 84 57 04 10 04 05 05 04 00 31 2e 32 4b 92 00 00 00 10 01 a3 00 00 00 00 6c 57 04 10 04 05 03 

ProtocolGame parse message exception (267 bytes, 145 unread, last opcode is 0xaa (170), prev opcode is 0xb4 (180), proto: 860): unknown message mode 0
0c 01 50 8b f1 f8 03 01 
b4 12 64 00 5b 50 56 50 5d 20 6f 20 6a 6f 67 61 64 6f 72 20 5b 43 72 61 7a 7a 79 5d 20 28 35 37 38 29 20 65 6e 66 69 6f 20 61 20 6a 65 62 61 20 67 6f 72 64 61 20 6e 6f 20 5b 4d 61 6a 6f 72 74 65 78 61 73 5d 20 28 32 30 33 29 20 6b 6b 6b 6b 6b 6b 20 61 67 6f 72 61 20 70 6f 73 73 75 69 20 30 20 6b 69 6c 6c 73 2e 
aa 00 00 00 00 00 00 00 00 00 0f 00 66 00 74 68 65 20 70 6c 61 79 65 72 20 4d 61 6a 6f 72 74 65 78 61 73 20 5b 32 30 33 5d 20 20 74 75 72 6e 65 64 20 69 6e 74 6f 20 61 20 6e 69 67 68 74 63 6c 75 62 20 63 61 72 70 65 74 20 73 65 20 66 75 64 65 75 20 61 70 6f 73 20 6d 6f 72 72 65 72 20 70 65 6c 6f 3a 20 43 72 61 7a 7a 79 20 5b 35 37 38 5d 20 20 2e 6c 55 04 11 04 05 01 6a 55 04 11 04 05 01 46 0b 05 6a 55 04 11 04 05 03 90 10 90 00 00 00 10 00 6c 55 04 11 04 05 02 

ProtocolGame parse message exception (381 bytes, 259 unread, last opcode is 0xaa (170), prev opcode is 0xb4 (180), proto: 860): unknown message mode 0
7c 01 77 c1 cb dc 75 01 
b4 12 64 00 5b 50 56 50 5d 20 6f 20 6a 6f 67 61 64 6f 72 20 5b 43 72 61 7a 7a 79 5d 20 28 35 37 38 29 20 65 6e 66 69 6f 20 61 20 6a 65 62 61 20 67 6f 72 64 61 20 6e 6f 20 5b 4d 61 6a 6f 72 74 65 78 61 73 5d 20 28 32 30 33 29 20 6b 6b 6b 6b 6b 6b 20 61 67 6f 72 61 20 70 6f 73 73 75 69 20 30 20 6b 69 6c 6c 73 2e 
aa 00 00 00 00 00 00 00 00 00 0f 00 66 00 74 68 65 20 70 6c 61 79 65 72 20 4d 61 6a 6f 72 74 65 78 61 73 20 5b 32 30 33 5d 20 20 74 75 72 6e 65 64 20 69 6e 74 6f 20 61 20 6e 69 67 68 74 63 6c 75 62 20 63 61 72 70 65 74 20 73 65 20 66 75 64 65 75 20 61 70 6f 73 20 6d 6f 72 72 65 72 20 70 65 6c 6f 3a 20 43 72 61 7a 7a 79 20 5b 35 37 38 5d 20 20 2e 6c 55 04 11 04 05 01 6a 55 04 11 04 05 01 46 0b 05 6a 55 04 11 04 05 03 90 10 79 03 a0 00 00 fe 3d cf ef 10 00 11 6a 23 08 cb 00 3a 76 b3 76 b3 2f 49 3b d8 09 79 03 79 06 a0 00 00 fe 3d d0 ef 10 00 11 6a 23 08 cb 00 3a 76 b3 76 b3 2f 49 3b d8 09 79 06 90 00 00 00 10 00 a2 00 00 a2 00 00 a0 00 00 fe 3d d0 ef 10 00 87 4f 14 08 cb 00 09 76 b3 76 b3 2f 42 3b d8 09 a1 79 4d 47 1f 2c 5e 0a 00 0a 00 0a 00 0a 00 a2 00 00 a2 00 00 a2 00 00 6c 55 04 11 04 05 02 28 

ProtocolGame parse message exception (321 bytes, 150 unread, last opcode is 0xaa (170), prev opcode is 0xb4 (180), proto: 860): unknown message mode 0
44 01 2b 9b c6 1e 39 01 b4 12 64 00 5b 50 56 50 5d 20 6f 20 6a 6f 67 61 64 6f 72 20 5b 43 72 61 7a 7a 79 5d 20 28 35 37 38 29 20 65 6e 66 69 6f 20 61 20 6a 65 62 61 20 67 6f 72 64 61 20 6e 6f 20 5b 4d 61 6a 6f 72 74 65 78 61 73 5d 20 28 32 30 33 29 20 6b 6b 6b 6b 6b 6b 20 61 67 6f 72 61 20 70 6f 73 73 75 69 20 30 20 6b 69 6c 6c 73 2e 
b4 19 2d 00 50 61 72 61 62 65 6e 73 21 2c 20 43 6f 6d 65 75 20 6f 20 63 75 20 64 6f 20 63 61 72 61 20 6b 6b 6b 20 5b 54 6f 74 61 6c 3a 20 31 5d 2e 
aa 00 00 00 00 00 00 00 00 00 0f 00 66 00 74 68 65 20 70 6c 61 79 65 72 20 4d 61 6a 6f 72 74 65 78 61 73 20 5b 32 30 33 5d 20 20 74 75 72 6e 65 64 20 69 6e 74 6f 20 61 20 6e 69 67 68 74 63 6c 75 62 20 63 61 72 70 65 74 20 73 65 20 66 75 64 65 75 20 61 70 6f 73 20 6d 6f 72 72 65 72 20 70 65 6c 6f 3a 20 43 72 61 7a 7a 79 20 5b 35 37 38 5d 20 20 2e 6c 55 04 11 04 05 01 6a 55 04 11 04 05 01 46 0b 05 6a 55 04 11 04 05 03 90 10 90 00 00 00 10 00 a3 00 00 00 00 6c 55 04 11 04 05 02 

ProtocolGame parse message exception (495 bytes, 377 unread, last opcode is 0xaa (170), prev opcode is 0xb4 (180), proto: 860): unknown message mode 0
f4 01 78 fd f0 13 e7 01 
b4 12 60 00 5b 50 56 50 5d 20 6f 20 6a 6f 67 61 64 6f 72 20 5b 43 72 61 7a 7a 79 5d 20 28 35 37 37 29 20 70 61 73 73 6f 20 6f 20 6b 75 72 74 20 63 6f 62 61 69 6e 20 6e 6f 20 5b 4d 61 6a 6f 72 74 65 78 61 73 5d 20 28 32 30 33 29 20 65 20 61 67 6f 72 61 20 70 6f 73 73 75 69 20 31 20 6b 69 6c 6c 73 2e 
aa 00 00 00 00 00 00 00 00 00 0f 00 5e 00 74 68 65 20 70 6c 61 79 65 72 20 4d 61 6a 6f 72 74 65 78 61 73 20 5b 32 30 33 5d 20 20 73 74 75 6d 62 6c 65 64 20 61 6e 64 20 77 65 6e 74 20 62 61 73 65 20 73 65 20 66 75 64 65 75 20 61 70 6f 73 20 6d 6f 72 72 65 72 20 70 65 6c 6f 3a 20 43 72 61 7a 7a 79 20 5b 35 37 37 5d 20 20 2e 6c 58 04 10 04 05 01 6a 58 04 10 04 05 01 46 0b 05 6a 58 04 10 04 05 03 90 10 79 03 a0 00 00 fe 3d d0 ef 10 00 87 4f 14 08 cb 00 09 76 b3 76 b3 2f 42 3b d8 09 79 03 90 02 00 00 10 00 a2 00 00 a2 80 00 8c 02 00 00 10 00 01 64 a0 00 00 5a 37 48 dc 10 00 9e 38 05 08 ca 00 09 c6 ae c6 ae 2f 42 3b d8 09 a0 00 00 5a 37 48 dc 10 00 9e 38 05 08 ca 00 09 c6 ae c6 ae 2f 42 3b d8 09 b4 18 13 00 59 6f 75 20 6c 6f 73 65 20 31 32 30 30 20 6d 61 6e 61 2e 84 58 04 10 04 05 05 04 00 31 2e 32 4b b4 16 30 00 59 6f 75 20 77 65 72 65 20 64 6f 77 6e 67 72 61 64 65 64 20 66 72 6f 6d 20 4c 65 76 65 6c 20 32 30 33 20 74 6f 20 4c 65 76 65 6c 20 32 30 32 2e 92 02 00 00 10 00 a2 80 00 a0 00 00 5a 37 48 dc 10 00 9e 38 05 08 ca 00 3c c6 ae c6 ae 2f 3a 3b d8 09 a1 79 45 47 1b 2c 59 0a 00 0a 00 0a 00 0a 00 a2 80 00 a2 80 00 a2 80 00 6c 58 04 10 04 05 02 28 

ProtocolGame parse message exception (560 bytes, 201 unread, last opcode is 0xaa (170), prev opcode is 0xb4 (180), proto: 860): unknown message mode 0
34 02 1a 14 a0 90 28 02 6d 4b 04 1b 04 06 01 4c 04 1b 04 06 b4 1a 21 00 59 6f 75 20 63 61 6e 20 6f 6e 6c 79 20 75 73 65 20 69 74 20 6f 6e 20 63 72 65 61 74 75 72 65 73 2e 83 56 04 11 04 05 03 00 b4 1a 21 00 59 6f 75 20 63 61 6e 20 6f 6e 6c 79 20 75 73 65 20 69 74 20 6f 6e 20 63 72 65 61 74 75 72 65 73 2e 83 56 04 11 04 05 03 00 b4 1a 21 00 59 6f 75 20 63 61 6e 20 6f 6e 6c 79 20 75 73 65 20 69 74 20 6f 6e 20 63 72 65 61 74 75 72 65 73 2e 83 56 04 11 04 05 03 00 b4 1a 21 00 59 6f 75 20 63 61 6e 20 6f 6e 6c 79 20 75 73 65 20 69 74 20 6f 6e 20 63 72 65 61 74 75 72 65 73 2e 83 56 04 11 04 05 03 00 b4 12 60 00 5b 50 56 50 5d 20 6f 20 6a 6f 67 61 64 6f 72 20 5b 43 72 61 7a 7a 79 5d 20 28 35 37 37 29 20 70 61 73 73 6f 20 6f 20 6b 75 72 74 20 63 6f 62 61 69 6e 20 6e 6f 20 5b 4d 61 6a 6f 72 74 65 78 61 73 5d 20 28 32 30 33 29 20 65 20 61 67 6f 72 61 20 70 6f 73 73 75 69 20 31 20 6b 69 6c 6c 73 2e 
b4 19 2d 00 50 61 72 61 62 65 6e 73 21 2c 20 43 6f 6d 65 75 20 6f 20 63 75 20 64 6f 20 63 61 72 61 20 6b 6b 6b 20 5b 54 6f 74 61 6c 3a 20 32 5d 2e 
aa 00 00 00 00 00 00 00 00 00 0f 00 5e 00 74 68 65 20 70 6c 61 79 65 72 20 4d 61 6a 6f 72 74 65 78 61 73 20 5b 32 30 33 5d 20 20 73 74 75 6d 62 6c 65 64 20 61 6e 64 20 77 65 6e 74 20 62 61 73 65 20 73 65 20 66 75 64 65 75 20 61 70 6f 73 20 6d 6f 72 72 65 72 20 70 65 6c 6f 3a 20 43 72 61 7a 7a 79 20 5b 35 37 37 5d 20 20 2e 6c 58 04 10 04 05 01 6a 58 04 10 04 05 01 46 0b 05 6a 58 04 10 04 05 03 90 10 90 02 00 00 10 00 8c 02 00 00 10 00 01 64 84 58 04 10 04 05 05 04 00 31 2e 32 4b 92 02 00 00 10 01 a3 00 00 00 00 6c 58 04 10 04 05 02 6d 51 04 07 04 06 01 52 04 07 04 06 83 57 04 11 04 05 13 00 6d 51 04 10 04 06 01 52 04 10 04 06 

ProtocolGame parse message exception (350 bytes, 234 unread, last opcode is 0xaa (170), prev opcode is 0xb4 (180), proto: 860): unknown message mode 0
5c 01 9e a7 e7 44 56 01 
b4 12 5e 00 5b 50 56 50 5d 20 6f 20 6a 6f 67 61 64 6f 72 20 5b 43 72 61 7a 7a 79 5d 20 28 35 37 37 29 20 63 75 72 6f 75 20 61 20 64 65 70 72 65 73 73 61 6f 20 64 6f 20 5b 4d 61 6a 6f 72 74 65 78 61 73 5d 20 28 32 30 32 29 20 65 20 61 67 6f 72 61 20 70 6f 73 73 75 69 20 32 20 6b 69 6c 6c 73 2e 
aa 00 00 00 00 00 00 00 00 00 0f 00 6a 00 74 68 65 20 70 6c 61 79 65 72 20 4d 61 6a 6f 72 74 65 78 61 73 20 5b 32 30 32 5d 20 20 66 6f 69 20 6c 65 76 65 6d 65 6e 74 65 20 64 65 63 61 70 69 74 61 64 6f 20 70 65 6c 6f 20 62 69 78 6f 20 73 65 20 66 75 64 65 75 20 61 70 6f 73 20 6d 6f 72 72 65 72 20 70 65 6c 6f 3a 20 43 72 61 7a 7a 79 20 5b 35 37 37 5d 20 20 2e 6c 58 04 11 04 05 01 6a 58 04 11 04 05 01 46 0b 05 6a 58 04 11 04 05 03 90 10 79 03 a0 00 00 5a 37 48 dc 10 00 9e 38 05 08 ca 00 3c c6 ae c6 ae 2f 3b 3b d8 09 79 03 90 02 00 00 10 00 a2 00 00 a2 00 00 a0 00 00 5a 37 48 dc 10 00 12 4d f6 07 ca 00 0b c6 ae c6 ae 2f 33 3b d8 09 a1 79 3d 47 17 2c 55 0a 00 0a 00 0a 00 0a 00 a2 00 00 a2 00 00 a2 00 00 6c 58 04 11 04 05 02 28 

ProtocolGame parse message exception (319 bytes, 154 unread, last opcode is 0xaa (170), prev opcode is 0xb4 (180), proto: 860): unknown message mode 0
44 01 76 9e dd 11 37 01 b4 12 5e 00 5b 50 56 50 5d 20 6f 20 6a 6f 67 61 64 6f 72 20 5b 43 72 61 7a 7a 79 5d 20 28 35 37 37 29 20 63 75 72 6f 75 20 61 20 64 65 70 72 65 73 73 61 6f 20 64 6f 20 5b 4d 61 6a 6f 72 74 65 78 61 73 5d 20 28 32 30 32 29 20 65 20 61 67 6f 72 61 20 70 6f 73 73 75 69 20 32 20 6b 69 6c 6c 73 2e 
b4 19 2d 00 50 61 72 61 62 65 6e 73 21 2c 20 43 6f 6d 65 75 20 6f 20 63 75 20 64 6f 20 63 61 72 61 20 6b 6b 6b 20 5b 54 6f 74 61 6c 3a 20 33 5d 2e 
aa 00 00 00 00 00 00 00 00 00 0f 00 6a 00 74 68 65 20 70 6c 61 79 65 72 20 4d 61 6a 6f 72 74 65 78 61 73 20 5b 32 30 32 5d 20 20 66 6f 69 20 6c 65 76 65 6d 65 6e 74 65 20 64 65 63 61 70 69 74 61 64 6f 20 70 65 6c 6f 20 62 69 78 6f 20 73 65 20 66 75 64 65 75 20 61 70 6f 73 20 6d 6f 72 72 65 72 20 70 65 6c 6f 3a 20 43 72 61 7a 7a 79 20 5b 35 37 37 5d 20 20 2e 6c 58 04 11 04 05 01 6a 58 04 11 04 05 01 46 0b 05 6a 58 04 11 04 05 03 90 10 90 02 00 00 10 00 a3 00 00 00 00 6c 58 04 11 04 05 02 

ProtocolGame parse message exception (301 bytes, 119 unread, last opcode is 0xaa (170), prev opcode is 0xa0 (160), proto: 860): InputMessage eof reached
2c 01 f0 9a 15 1f 25 01 83 5b 04 12 04 05 8d 00 83 5c 04 12 04 05 55 01 8c 00 00 00 10 5c 01 64 8c 00 00 00 10 5c 01 64 6a 59 04 10 04 05 01 49 0b 05 83 59 04 10 04 05 01 00 b4 18 34 00 4d 61 6a 6f 72 74 65 78 61 73 20 6c 6f 73 65 73 20 32 39 31 38 35 20 68 69 74 70 6f 69 6e 74 73 20 64 75 65 20 74 6f 20 79 6f 75 72 20 61 74 74 61 63 6b 2e 84 59 04 10 04 05 b4 05 00 32 39 2e 32 4b 83 59 04 10 04 05 2c 01 a2 00 30 a2 80 30 8c 01 00 00 10 64 01 63 
a0 64 00 64 00 36 6b 2c 00 ff ff ff 7f 41 02 56 62 00 64 00 83 01 c8 d4 09 
aa 00 00 00 00 41 02 13 57 04 10 04 05 15 00 59 61 6d 69 20 47 72 65 61 74 65 73 74 20 45 63 6c 69 70 73 65 b4 1a 12 00 59 6f 75 20 61 72 65 20 65 78 68 61 75 73 74 65 64 2e 83 57 04 10 04 05 03 00 b4 1a 12 00 59 6f 75 20 61 72 65 20 65 78 68 61 75 73 74 65 64 2e 83 57 04 10 04 05 03 00 b4 1a 12 00 59 6f 75 20 61 72 65 20 65 78 68 61 75 73 74 65 64 2e 83 57 04 10 04 05 03 00 

ProtocolGame parse message exception (297 bytes, 27 unread, last opcode is 0xaa (170), prev opcode is 0xa0 (160), proto: 860): InputMessage eof reached
2c 01 86 94 a1 d7 21 01 8c 00 00 00 10 5c 01 64 a0 5a c5 5a 37 28 d9 10 00 12 4d f6 07 ca 00 0b c6 ae c6 ae 2f 33 3b d8 09 83 59 04 10 04 05 0d 00 84 59 04 10 04 05 5f 02 00 2b 31 b4 18 20 00 43 72 61 7a 7a 79 20 68 65 61 6c 73 20 79 6f 75 20 66 6f 72 20 31 20 68 69 74 70 6f 69 6e 74 2e 83 59 04 10 04 05 01 00 85 57 04 10 04 05 59 04 10 04 05 22 00 6d 4a 04 09 04 06 01 49 04 09 04 06 83 5a 04 10 04 05 d9 00 8c 00 00 00 10 5f 01 64 a0 29 eb 5a 37 28 d9 10 00 12 4d f6 07 ca 00 0b c6 ae c6 ae 2f 33 3b d8 09 84 59 04 10 04 05 5f 05 00 2b 39 36 37 39 b4 18 27 00 59 6f 75 20 68 65 61 6c 65 64 20 79 6f 75 72 73 65 6c 66 20 66 6f 72 20 39 36 37 39 20 68 69 74 70 6f 69 6e 74 73 2e a2 80 00 8c 00 00 00 10 5f 01 64 
a0 29 eb 5a 37 28 d9 10 00 12 4d f6 07 ca 00 0b 62 ae c6 ae 2f 33 3b d8 09 
aa 00 00 00 00 ca 00 13 59 04 10 04 05 13 00 53 68 6f 6e 65 6e 20 52 65 67 65 6e 65 72 61 74 69 6f 6e 

ProtocolGame parse message exception (181 bytes, 27 unread, last opcode is 0xaa (170), prev opcode is 0x8c (140), proto: 860): InputMessage eof reached
b4 00 f8 57 59 2f ad 00 8c 00 00 00 10 5c 01 64 83 59 04 10 04 05 0d 00 84 59 04 10 04 05 5f 02 00 2b 31 b4 18 25 00 59 6f 75 20 68 65 61 6c 65 64 20 4d 61 6a 6f 72 74 65 78 61 73 20 66 6f 72 20 31 20 68 69 74 70 6f 69 6e 74 2e 83 59 04 10 04 05 01 00 85 57 04 10 04 05 59 04 10 04 05 22 00 6d 4a 04 09 04 06 01 49 04 09 04 06 83 5a 04 10 04 05 d9 00 8c 00 00 00 10 5f 01 64 84 59 04 10 04 05 5f 05 00 2b 39 36 37 39 
8c 00 00 00 10 5f 01 64 
aa 00 00 00 00 ca 00 13 59 04 10 04 05 13 00 53 68 6f 6e 65 6e 20 52 65 67 65 6e 65 72 61 74 69 6f 6e 

ProtocolGame parse message exception (150 bytes, 94 unread, last opcode is 0xaa (170), prev opcode is 0xa0 (160), proto: 860): InputMessage eof reached
94 00 03 4b 1d 2b 8e 00 83 57 04 10 04 05 41 00 8c 01 00 00 10 64 01 63 
a0 64 00 64 00 36 6b 2c 00 ff ff ff 7f 41 02 56 62 00 64 00 83 01 c8 d4 09 
aa 00 00 00 00 41 02 13 57 04 10 04 05 0e 00 45 63 6c 69 70 73 65 20 53 65 69 6b 65 6e b4 1a 12 00 59 6f 75 20 61 72 65 20 65 78 68 61 75 73 74 65 64 2e 83 57 04 10 04 05 03 00 b4 1a 12 00 59 6f 75 20 61 72 65 20 65 78 68 61 75 73 74 65 64 2e 83 57 04 10 04 05 03 00 6d 4a 04 11 04 06 01 4a 04 10 04 06 

ProtocolGame parse message exception (80 bytes, 27 unread, last opcode is 0xaa (170), prev opcode is 0x8c (140), proto: 860): InputMessage eof reached
54 00 d6 26 87 25 48 00 83 5a 04 10 04 05 d9 00 8c 00 00 00 10 52 01 64 84 59 04 10 04 05 5f 05 00 2b 39 39 37 30 
8c 00 00 00 10 52 01 64 
aa 00 00 00 00 ca 00 13 59 04 10 04 05 13 00 53 68 6f 6e 65 6e 20 52 65 67 65 6e 65 72 61 74 69 6f 6e 

ProtocolGame parse message exception (173 bytes, 27 unread, last opcode is 0xaa (170), prev opcode is 0xa0 (160), proto: 860): InputMessage eof reached
ac 00 65 54 54 20 a5 00 83 5a 04 10 04 05 d9 00 8c 00 00 00 10 52 01 64 a0 0f 3f 5a 37 28 d9 10 00 12 4d f6 07 ca 00 0b c6 ae c6 ae 2f 33 3b d8 09 84 59 04 10 04 05 5f 05 00 2b 39 39 37 30 b4 18 27 00 59 6f 75 20 68 65 61 6c 65 64 20 79 6f 75 72 73 65 6c 66 20 66 6f 72 20 39 39 37 30 20 68 69 74 70 6f 69 6e 74 73 2e 8c 00 00 00 10 52 01 64 
a0 0f 3f 5a 37 28 d9 10 00 12 4d f6 07 ca 00 0b 62 ae c6 ae 2f 33 3b d8 09 
aa 00 00 00 00 ca 00 13 59 04 10 04 05 13 00 53 68 6f 6e 65 6e 20 52 65 67 65 6e 65 72 61 74 69 6f 6e 

ProtocolGame parse message exception (242 bytes, 54 unread, last opcode is 0xaa (170), prev opcode is 0xa0 (160), proto: 860): InputMessage eof reached
f4 00 10 75 94 75 ea 00 83 5d 04 12 04 05 d7 00 8c 00 00 00 10 4c 01 64 8c 00 00 00 10 4c 01 64 6c 59 04 10 04 05 01 6a 59 04 10 04 05 01 49 0b 05 83 59 04 10 04 05 01 00 b4 18 34 00 4d 61 6a 6f 72 74 65 78 61 73 20 6c 6f 73 65 73 20 32 30 34 38 32 20 68 69 74 70 6f 69 6e 74 73 20 64 75 65 20 74 6f 20 79 6f 75 72 20 61 74 74 61 63 6b 2e 84 59 04 10 04 05 b4 05 00 32 30 2e 35 4b 83 59 04 10 04 05 2c 01 85 57 04 10 04 05 59 04 10 04 05 ad 00 8c 01 00 00 10 64 01 63 
a0 64 00 64 00 36 6b 2c 00 ff ff ff 7f 41 02 56 62 00 64 00 83 01 c8 d4 09 
aa 00 00 00 00 41 02 13 57 04 10 04 05 10 00 4e 61 72 61 6b 75 20 6e 6f 20 53 65 69 6b 65 6e b4 1a 12 00 59 6f 75 20 61 72 65 20 65 78 68 61 75 73 74 65 64 2e 83 57 04 10 04 05 03 00 

ProtocolGame parse message exception (243 bytes, 24 unread, last opcode is 0xaa (170), prev opcode is 0x8c (140), proto: 860): InputMessage eof reached
f4 00 31 75 af 8c eb 00 83 5d 04 12 04 05 d7 00 86 01 00 00 10 00 8c 00 00 00 10 4c 01 64 a0 f5 f2 5a 37 28 d9 10 00 12 4d f6 07 ca 00 0b c6 ae c6 ae 2f 33 3b d8 09 a0 f5 f2 5a 37 28 d9 10 00 12 4d f6 07 ca 00 0b c6 ae c6 ae 2f 33 3b d8 09 8c 00 00 00 10 4c 01 64 6c 59 04 10 04 05 01 6a 59 04 10 04 05 01 49 0b 05 83 59 04 10 04 05 01 00 b4 18 34 00 59 6f 75 20 6c 6f 73 65 20 32 30 34 38 32 20 68 69 74 70 6f 69 6e 74 73 20 64 75 65 20 74 6f 20 61 6e 20 61 74 74 61 63 6b 20 62 79 20 43 72 61 7a 7a 79 2e 84 59 04 10 04 05 b4 05 00 32 30 2e 35 4b 83 59 04 10 04 05 2c 01 85 57 04 10 04 05 59 04 10 04 05 ad 00 
8c 01 00 00 10 64 01 63 
aa 00 00 00 00 41 02 13 57 04 10 04 05 10 00 4e 61 72 61 6b 75 20 6e 6f 20 53 65 69 6b 65 6e 

ProtocolGame parse message exception (302 bytes, 119 unread, last opcode is 0xaa (170), prev opcode is 0xa0 (160), proto: 860): InputMessage eof reached
2c 01 01 8e 54 aa 26 01 83 5b 04 12 04 05 8d 00 83 5c 04 12 04 05 55 01 8c 00 00 00 10 2f 01 64 8c 00 00 00 10 2f 01 64 6c 59 04 10 04 05 01 6a 59 04 10 04 05 01 49 0b 05 83 59 04 10 04 05 01 00 b4 18 34 00 4d 61 6a 6f 72 74 65 78 61 73 20 6c 6f 73 65 73 20 32 38 38 35 38 20 68 69 74 70 6f 69 6e 74 73 20 64 75 65 20 74 6f 20 79 6f 75 72 20 61 74 74 61 63 6b 2e 84 59 04 10 04 05 b4 05 00 32 38 2e 39 4b 83 59 04 10 04 05 2c 01 8c 01 00 00 10 64 01 63 
a0 64 00 64 00 36 6b 2c 00 ff ff ff 7f 41 02 56 62 00 64 00 83 01 c8 d4 09 
aa 00 00 00 00 41 02 13 57 04 10 04 05 15 00 59 61 6d 69 20 47 72 65 61 74 65 73 74 20 45 63 6c 69 70 73 65 b4 1a 12 00 59 6f 75 20 61 72 65 20 65 78 68 61 75 73 74 65 64 2e 83 57 04 10 04 05 03 00 b4 1a 12 00 59 6f 75 20 61 72 65 20 65 78 68 61 75 73 74 65 64 2e 83 57 04 10 04 05 03 00 b4 1a 12 00 59 6f 75 20 61 72 65 20 65 78 68 61 75 73 74 65 64 2e 83 57 04 10 04 05 03 00 

ProtocolGame parse message exception (243 bytes, 29 unread, last opcode is 0xaa (170), prev opcode is 0x8c (140), proto: 860): InputMessage eof reached
f4 00 bf 78 20 40 eb 00 83 5b 04 12 04 05 8d 00 83 5c 04 12 04 05 55 01 86 01 00 00 10 00 8c 00 00 00 10 2f 01 64 a0 e7 66 5a 37 28 d9 10 00 12 4d f6 07 ca 00 0b c6 ae c6 ae 2f 33 3b d8 09 a0 e7 66 5a 37 28 d9 10 00 12 4d f6 07 ca 00 0b c6 ae c6 ae 2f 33 3b d8 09 8c 00 00 00 10 2f 01 64 6c 59 04 10 04 05 01 6a 59 04 10 04 05 01 49 0b 05 83 59 04 10 04 05 01 00 b4 18 34 00 59 6f 75 20 6c 6f 73 65 20 32 38 38 35 38 20 68 69 74 70 6f 69 6e 74 73 20 64 75 65 20 74 6f 20 61 6e 20 61 74 74 61 63 6b 20 62 79 20 43 72 61 7a 7a 79 2e 84 59 04 10 04 05 b4 05 00 32 38 2e 39 4b 83 59 04 10 04 05 2c 01 
8c 01 00 00 10 64 01 63 
aa 00 00 00 00 41 02 13 57 04 10 04 05 15 00 59 61 6d 69 20 47 72 65 61 74 65 73 74 20 45 63 6c 69 70 73 65 

ProtocolGame parse message exception (169 bytes, 116 unread, last opcode is 0xaa (170), prev opcode is 0x8c (140), proto: 860): InputMessage eof reached
ac 00 27 52 d7 17 a1 00 83 5a 04 10 04 05 d9 00 8c 00 00 00 10 31 01 64 84 59 04 10 04 05 5f 05 00 2b 39 39 32 30 
8c 00 00 00 10 31 01 64 
aa 00 00 00 00 ca 00 13 59 04 10 04 05 13 00 53 68 6f 6e 65 6e 20 52 65 67 65 6e 65 72 61 74 69 6f 6e 8c 00 00 00 10 31 01 64 83 59 04 10 04 05 0d 00 84 59 04 10 04 05 5f 02 00 2b 31 b4 18 25 00 59 6f 75 20 68 65 61 6c 65 64 20 4d 61 6a 6f 72 74 65 78 61 73 20 66 6f 72 20 31 20 68 69 74 70 6f 69 6e 74 2e 83 59 04 10 04 05 01 00 85 57 04 10 04 05 59 04 10 04 05 22 00 

ProtocolGame parse message exception (282 bytes, 136 unread, last opcode is 0xaa (170), prev opcode is 0xa0 (160), proto: 860): InputMessage eof reached
1c 01 1e 8c 99 7a 12 01 83 5a 04 10 04 05 d9 00 8c 00 00 00 10 31 01 64 a0 a7 8d 5a 37 28 d9 10 00 12 4d f6 07 ca 00 0b c6 ae c6 ae 2f 33 3b d8 09 84 59 04 10 04 05 5f 05 00 2b 39 39 32 30 b4 18 27 00 59 6f 75 20 68 65 61 6c 65 64 20 79 6f 75 72 73 65 6c 66 20 66 6f 72 20 39 39 32 30 20 68 69 74 70 6f 69 6e 74 73 2e 8c 00 00 00 10 31 01 64 
a0 a7 8d 5a 37 28 d9 10 00 12 4d f6 07 ca 00 0b 62 ae c6 ae 2f 33 3b d8 09 
aa 00 00 00 00 ca 00 13 59 04 10 04 05 13 00 53 68 6f 6e 65 6e 20 52 65 67 65 6e 65 72 61 74 69 6f 6e 8c 00 00 00 10 31 01 64 a0 a8 8d 5a 37 28 d9 10 00 12 4d f6 07 ca 00 0b 62 ae c6 ae 2f 33 3b d8 09 83 59 04 10 04 05 0d 00 84 59 04 10 04 05 5f 02 00 2b 31 b4 18 20 00 43 72 61 7a 7a 79 20 68 65 61 6c 73 20 79 6f 75 20 66 6f 72 20 31 20 68 69 74 70 6f 69 6e 74 2e 83 59 04 10 04 05 01 00 85 57 04 10 04 05 59 04 10 04 05 22 00 

ProtocolGame parse message exception (273 bytes, 54 unread, last opcode is 0xaa (170), prev opcode is 0x8c (140), proto: 860): InputMessage eof reached
14 01 2d 8d 71 93 09 01 83 5d 04 12 04 05 d7 00 86 01 00 00 10 00 8c 00 00 00 10 2c 01 64 a0 65 41 5a 37 28 d9 10 00 12 4d f6 07 ca 00 0b c6 ae c6 ae 2f 33 3b d8 09 a0 65 41 5a 37 28 d9 10 00 12 4d f6 07 ca 00 0b c6 ae c6 ae 2f 33 3b d8 09 8c 00 00 00 10 2c 01 64 6c 59 04 10 04 05 01 6a 59 04 10 04 05 01 49 0b 05 83 59 04 10 04 05 01 00 b4 18 34 00 59 6f 75 20 6c 6f 73 65 20 32 30 35 32 33 20 68 69 74 70 6f 69 6e 74 73 20 64 75 65 20 74 6f 20 61 6e 20 61 74 74 61 63 6b 20 62 79 20 43 72 61 7a 7a 79 2e 84 59 04 10 04 05 b4 05 00 32 30 2e 35 4b 83 59 04 10 04 05 2c 01 85 57 04 10 04 05 59 04 10 04 05 ad 00 
8c 01 00 00 10 64 01 63 
aa 00 00 00 00 41 02 13 57 04 10 04 05 10 00 4e 61 72 61 6b 75 20 6e 6f 20 53 65 69 6b 65 6e b4 1a 12 00 59 6f 75 20 61 72 65 20 65 78 68 61 75 73 74 65 64 2e 83 59 04 10 04 05 03 00 

ProtocolGame parse message exception (242 bytes, 54 unread, last opcode is 0xaa (170), prev opcode is 0xa0 (160), proto: 860): InputMessage eof reached
f4 00 8c 77 84 51 ea 00 83 5d 04 12 04 05 d7 00 8c 00 00 00 10 2c 01 64 8c 00 00 00 10 2c 01 64 6c 59 04 10 04 05 01 6a 59 04 10 04 05 01 49 0b 05 83 59 04 10 04 05 01 00 b4 18 34 00 4d 61 6a 6f 72 74 65 78 61 73 20 6c 6f 73 65 73 20 32 30 35 32 33 20 68 69 74 70 6f 69 6e 74 73 20 64 75 65 20 74 6f 20 79 6f 75 72 20 61 74 74 61 63 6b 2e 84 59 04 10 04 05 b4 05 00 32 30 2e 35 4b 83 59 04 10 04 05 2c 01 85 57 04 10 04 05 59 04 10 04 05 ad 00 8c 01 00 00 10 64 01 63 
a0 64 00 64 00 36 6b 2c 00 ff ff ff 7f 41 02 56 62 00 64 00 83 01 c8 d4 09 
aa 00 00 00 00 41 02 13 57 04 10 04 05 10 00 4e 61 72 61 6b 75 20 6e 6f 20 53 65 69 6b 65 6e b4 1a 12 00 59 6f 75 20 61 72 65 20 65 78 68 61 75 73 74 65 64 2e 83 57 04 10 04 05 03 00 

ProtocolGame parse message exception (268 bytes, 25 unread, last opcode is 0xaa (170), prev opcode is 0x8c (140), proto: 860): InputMessage eof reached
0c 01 7c 80 b4 b1 04 01 83 5a 04 0f 04 05 2a 00 83 5a 04 11 04 05 2a 00 83 5b 04 10 04 05 2a 00 83 57 04 10 04 05 09 00 85 57 04 10 04 05 59 04 10 04 05 1d 00 86 01 00 00 10 00 8c 00 00 00 10 25 01 64 a0 4e e1 5a 37 28 d9 10 00 12 4d f6 07 ca 00 0b c6 ae c6 ae 2f 33 3b d8 09 a0 4e e1 5a 37 28 d9 10 00 12 4d f6 07 ca 00 0b c6 ae c6 ae 2f 33 3b d8 09 8c 00 00 00 10 25 01 64 6c 59 04 10 04 05 01 6a 59 04 10 04 05 01 49 0b 05 83 59 04 10 04 05 01 00 b4 18 34 00 59 6f 75 20 6c 6f 73 65 20 32 34 35 39 39 20 68 69 74 70 6f 69 6e 74 73 20 64 75 65 20 74 6f 20 61 6e 20 61 74 74 61 63 6b 20 62 79 20 43 72 61 7a 7a 79 2e 84 59 04 10 04 05 b4 05 00 32 34 2e 36 4b 83 59 04 10 04 05 2a 00 
8c 01 00 00 10 64 01 64 
aa 00 00 00 00 41 02 13 57 04 10 04 05 11 00 48 65 6c 6c 20 46 6c 61 6d 65 73 20 43 6f 73 6d 6f 

ProtocolGame parse message exception (288 bytes, 25 unread, last opcode is 0xaa (170), prev opcode is 0xa0 (160), proto: 860): InputMessage eof reached
24 01 65 97 2b 0c 18 01 b4 1a 2f 00 41 67 75 61 72 64 65 20 31 20 73 65 67 75 6e 64 6f 73 20 70 61 72 61 20 75 73 61 72 20 61 20 73 70 65 6c 6c 20 6e 6f 76 61 6d 65 6e 74 65 2e 83 5a 04 0f 04 05 2a 00 83 5a 04 11 04 05 2a 00 83 5b 04 10 04 05 2a 00 83 57 04 10 04 05 09 00 85 57 04 10 04 05 59 04 10 04 05 1d 00 8c 00 00 00 10 25 01 64 8c 00 00 00 10 25 01 64 6c 59 04 10 04 05 01 6a 59 04 10 04 05 01 49 0b 05 83 59 04 10 04 05 01 00 b4 18 34 00 4d 61 6a 6f 72 74 65 78 61 73 20 6c 6f 73 65 73 20 32 34 35 39 39 20 68 69 74 70 6f 69 6e 74 73 20 64 75 65 20 74 6f 20 79 6f 75 72 20 61 74 74 61 63 6b 2e 84 59 04 10 04 05 b4 05 00 32 34 2e 36 4b 83 59 04 10 04 05 2a 00 8c 01 00 00 10 64 01 64 
a0 64 00 64 00 36 6b 2c 00 ff ff ff 7f 41 02 56 63 00 64 00 83 01 c8 d4 09 
aa 00 00 00 00 41 02 13 57 04 10 04 05 11 00 48 65 6c 6c 20 46 6c 61 6d 65 73 20 43 6f 73 6d 6f 

ProtocolGame parse message exception (81 bytes, 27 unread, last opcode is 0xaa (170), prev opcode is 0x8c (140), proto: 860): InputMessage eof reached
54 00 a5 2b 86 be 49 00 83 5a 04 10 04 05 d9 00 8c 00 00 00 10 27 01 64 84 59 04 10 04 05 5f 06 00 2b 31 30 30 30 35 
8c 00 00 00 10 27 01 64 
aa 00 00 00 00 ca 00 13 59 04 10 04 05 13 00 53 68 6f 6e 65 6e 20 52 65 67 65 6e 65 72 61 74 69 6f 6e 

ProtocolGame parse message exception (175 bytes, 27 unread, last opcode is 0xaa (170), prev opcode is 0xa0 (160), proto: 860): InputMessage eof reached
b4 00 25 56 4d 46 a7 00 83 5a 04 10 04 05 d9 00 8c 00 00 00 10 27 01 64 a0 63 08 5a 37 28 d9 10 00 12 4d f6 07 ca 00 0b c6 ae c6 ae 2f 33 3b d8 09 84 59 04 10 04 05 5f 06 00 2b 31 30 30 30 35 b4 18 28 00 59 6f 75 20 68 65 61 6c 65 64 20 79 6f 75 72 73 65 6c 66 20 66 6f 72 20 31 30 30 30 35 20 68 69 74 70 6f 69 6e 74 73 2e 8c 00 00 00 10 27 01 64 
a0 63 08 5a 37 28 d9 10 00 12 4d f6 07 ca 00 0b 62 ae c6 ae 2f 33 3b d8 09 
aa 00 00 00 00 ca 00 13 59 04 10 04 05 13 00 53 68 6f 6e 65 6e 20 52 65 67 65 6e 65 72 61 74 69 6f 6e 

ProtocolGame parse message exception (243 bytes, 29 unread, last opcode is 0xaa (170), prev opcode is 0x8c (140), proto: 860): InputMessage eof reached
f4 00 ff 7a f8 9b eb 00 83 5b 04 12 04 05 8d 00 83 5c 04 12 04 05 55 01 86 01 00 00 10 00 8c 00 00 00 10 1f 01 64 a0 e6 9b 5a 37 28 d9 10 00 12 4d f6 07 ca 00 0b c6 ae c6 ae 2f 33 3b d8 09 a0 e6 9b 5a 37 28 d9 10 00 12 4d f6 07 ca 00 0b c6 ae c6 ae 2f 33 3b d8 09 8c 00 00 00 10 1f 01 64 6c 59 04 10 04 05 01 6a 59 04 10 04 05 01 49 0b 05 83 59 04 10 04 05 01 00 b4 18 34 00 59 6f 75 20 6c 6f 73 65 20 32 38 37 37 34 20 68 69 74 70 6f 69 6e 74 73 20 64 75 65 20 74 6f 20 61 6e 20 61 74 74 61 63 6b 20 62 79 20 43 72 61 7a 7a 79 2e 84 59 04 10 04 05 b4 05 00 32 38 2e 38 4b 83 59 04 10 04 05 2c 01 
8c 01 00 00 10 64 01 63 
aa 00 00 00 00 41 02 13 57 04 10 04 05 15 00 59 61 6d 69 20 47 72 65 61 74 65 73 74 20 45 63 6c 69 70 73 65 

ProtocolGame parse message exception (302 bytes, 119 unread, last opcode is 0xaa (170), prev opcode is 0xa0 (160), proto: 860): InputMessage eof reached
2c 01 38 90 57 f1 26 01 83 5b 04 12 04 05 8d 00 83 5c 04 12 04 05 55 01 8c 00 00 00 10 1f 01 64 8c 00 00 00 10 1f 01 64 6c 59 04 10 04 05 01 6a 59 04 10 04 05 01 49 0b 05 83 59 04 10 04 05 01 00 b4 18 34 00 4d 61 6a 6f 72 74 65 78 61 73 20 6c 6f 73 65 73 20 32 38 37 37 34 20 68 69 74 70 6f 69 6e 74 73 20 64 75 65 20 74 6f 20 79 6f 75 72 20 61 74 74 61 63 6b 2e 84 59 04 10 04 05 b4 05 00 32 38 2e 38 4b 83 59 04 10 04 05 2c 01 8c 01 00 00 10 64 01 63 
a0 64 00 64 00 36 6b 2c 00 ff ff ff 7f 41 02 56 62 00 64 00 83 01 c8 d4 09 
aa 00 00 00 00 41 02 13 57 04 10 04 05 15 00 59 61 6d 69 20 47 72 65 61 74 65 73 74 20 45 63 6c 69 70 73 65 b4 1a 12 00 59 6f 75 20 61 72 65 20 65 78 68 61 75 73 74 65 64 2e 83 57 04 10 04 05 03 00 b4 1a 12 00 59 6f 75 20 61 72 65 20 65 78 68 61 75 73 74 65 64 2e 83 57 04 10 04 05 03 00 b4 1a 12 00 59 6f 75 20 61 72 65 20 65 78 68 61 75 73 74 65 64 2e 83 57 04 10 04 05 03 00 

ProtocolGame parse message exception (80 bytes, 27 unread, last opcode is 0xaa (170), prev opcode is 0x8c (140), proto: 860): InputMessage eof reached
54 00 a9 25 52 cb 48 00 83 5a 04 10 04 05 d9 00 8c 00 00 00 10 22 01 64 84 59 04 10 04 05 5f 05 00 2b 39 37 33 30 
8c 00 00 00 10 22 01 64 
aa 00 00 00 00 ca 00 13 59 04 10 04 05 13 00 53 68 6f 6e 65 6e 20 52 65 67 65 6e 65 72 61 74 69 6f 6e 

ProtocolGame parse message exception (198 bytes, 27 unread, last opcode is 0xaa (170), prev opcode is 0xa0 (160), proto: 860): InputMessage eof reached
c4 00 c6 5f f7 7c be 00 83 5a 04 10 04 05 d9 00 8c 00 00 00 10 22 01 64 a0 e9 c1 5a 37 28 d9 10 00 12 4d f6 07 ca 00 0b c6 ae c6 ae 2f 33 3b d8 09 84 59 04 10 04 05 5f 05 00 2b 39 37 33 30 b4 18 27 00 59 6f 75 20 68 65 61 6c 65 64 20 79 6f 75 72 73 65 6c 66 20 66 6f 72 20 39 37 33 30 20 68 69 74 70 6f 69 6e 74 73 2e 8c 00 00 00 10 22 01 64 a0 e9 c1 5a 37 28 d9 10 00 12 4d f6 07 ca 00 0b 62 ae c6 ae 2f 33 3b d8 09 
a0 e9 c1 5a 37 28 d9 10 00 12 4d f6 07 ca 00 0b 62 ae c6 ae 2f 34 3b d8 09 
aa 00 00 00 00 ca 00 13 59 04 10 04 05 13 00 53 68 6f 6e 65 6e 20 52 65 67 65 6e 65 72 61 74 69 6f 6e 

ProtocolGame parse message exception (138 bytes, 82 unread, last opcode is 0xaa (170), prev opcode is 0xa0 (160), proto: 860): InputMessage eof reached
8c 00 69 45 16 8f 82 00 83 57 04 10 04 05 41 00 8c 01 00 00 10 64 01 63 
a0 64 00 64 00 36 6b 2c 00 ff ff ff 7f 41 02 56 62 00 64 00 83 01 c8 d4 09 
aa 00 00 00 00 41 02 13 57 04 10 04 05 0e 00 45 63 6c 69 70 73 65 20 53 65 69 6b 65 6e b4 1a 12 00 59 6f 75 20 61 72 65 20 65 78 68 61 75 73 74 65 64 2e 83 57 04 10 04 05 03 00 b4 1a 12 00 59 6f 75 20 61 72 65 20 65 78 68 61 75 73 74 65 64 2e 83 57 04 10 04 05 03 00 

ProtocolGame parse message exception (302 bytes, 119 unread, last opcode is 0xaa (170), prev opcode is 0xa0 (160), proto: 860): InputMessage eof reached
2c 01 c5 92 eb 14 26 01 83 5b 04 12 04 05 8d 00 83 5c 04 12 04 05 55 01 8c 00 00 00 10 0a 01 64 8c 00 00 00 10 0a 01 64 6c 59 04 10 04 05 01 6a 59 04 10 04 05 01 49 0b 05 83 59 04 10 04 05 01 00 b4 18 34 00 4d 61 6a 6f 72 74 65 78 61 73 20 6c 6f 73 65 73 20 32 39 31 33 30 20 68 69 74 70 6f 69 6e 74 73 20 64 75 65 20 74 6f 20 79 6f 75 72 20 61 74 74 61 63 6b 2e 84 59 04 10 04 05 b4 05 00 32 39 2e 31 4b 83 59 04 10 04 05 2c 01 8c 01 00 00 10 64 01 63 
a0 64 00 64 00 36 6b 2c 00 ff ff ff 7f 41 02 56 62 00 64 00 83 01 c8 d4 09 
aa 00 00 00 00 41 02 13 57 04 10 04 05 15 00 59 61 6d 69 20 47 72 65 61 74 65 73 74 20 45 63 6c 69 70 73 65 b4 1a 12 00 59 6f 75 20 61 72 65 20 65 78 68 61 75 73 74 65 64 2e 83 57 04 10 04 05 03 00 b4 1a 12 00 59 6f 75 20 61 72 65 20 65 78 68 61 75 73 74 65 64 2e 83 57 04 10 04 05 03 00 b4 1a 12 00 59 6f 75 20 61 72 65 20 65 78 68 61 75 73 74 65 64 2e 83 57 04 10 04 05 03 00 

ProtocolGame parse message exception (80 bytes, 27 unread, last opcode is 0xaa (170), prev opcode is 0x8c (140), proto: 860): InputMessage eof reached
54 00 8b 25 81 ca 48 00 83 5a 04 10 04 05 d9 00 8c 00 00 00 10 07 01 64 84 59 04 10 04 05 5f 05 00 2b 39 36 34 31 
8c 00 00 00 10 07 01 64 
aa 00 00 00 00 ca 00 13 59 04 10 04 05 13 00 53 68 6f 6e 65 6e 20 52 65 67 65 6e 65 72 61 74 69 6f 6e 

ProtocolGame parse message exception (173 bytes, 27 unread, last opcode is 0xaa (170), prev opcode is 0xa0 (160), proto: 860): InputMessage eof reached
ac 00 05 53 fc 45 a5 00 83 5a 04 10 04 05 d9 00 8c 00 00 00 10 07 01 64 a0 f0 58 5a 37 28 d9 10 00 12 4d f6 07 ca 00 0b c6 ae c6 ae 2f 34 3b d8 09 84 59 04 10 04 05 5f 05 00 2b 39 36 34 31 b4 18 27 00 59 6f 75 20 68 65 61 6c 65 64 20 79 6f 75 72 73 65 6c 66 20 66 6f 72 20 39 36 34 31 20 68 69 74 70 6f 69 6e 74 73 2e 8c 00 00 00 10 07 01 64 
a0 f0 58 5a 37 28 d9 10 00 12 4d f6 07 ca 00 0b 62 ae c6 ae 2f 34 3b d8 09 
aa 00 00 00 00 ca 00 13 59 04 10 04 05 13 00 53 68 6f 6e 65 6e 20 52 65 67 65 6e 65 72 61 74 69 6f 6e 

ProtocolGame parse message exception (524 bytes, 408 unread, last opcode is 0xaa (170), prev opcode is 0xb4 (180), proto: 860): unknown message mode 0
0c 02 72 05 d6 ca 04 02 
b4 12 5e 00 5b 50 56 50 5d 20 6f 20 6a 6f 67 61 64 6f 72 20 5b 43 72 61 7a 7a 79 5d 20 28 35 37 37 29 20 63 6f 6d 65 75 20 61 20 6d 61 65 20 64 6f 20 5b 4d 61 6a 6f 72 74 65 78 61 73 5d 20 28 32 30 32 29 20 6b 6b 6b 6b 6b 6b 6b 20 61 67 6f 72 61 20 70 6f 73 73 75 69 20 32 20 6b 69 6c 6c 73 2e 
aa 00 00 00 00 00 00 00 00 00 0f 00 60 00 74 68 65 20 70 6c 61 79 65 72 20 4d 61 6a 6f 72 74 65 78 61 73 20 5b 32 30 32 5d 20 20 73 74 61 72 74 65 64 20 6d 6f 76 69 6e 67 20 62 61 63 6b 77 61 72 64 73 20 73 65 20 66 75 64 65 75 20 61 70 6f 73 20 6d 6f 72 72 65 72 20 70 65 6c 6f 3a 20 43 72 61 7a 7a 79 20 5b 35 37 37 5d 20 20 2e 6c 59 04 10 04 05 01 6a 59 04 10 04 05 01 46 0b 05 6a 59 04 10 04 05 03 90 10 79 03 a0 00 00 5a 37 48 dc 10 00 12 4d f6 07 ca 00 0b c6 ae c6 ae 2f 34 3b d8 09 79 03 79 08 a2 80 00 a0 00 00 5a 37 66 dc 10 00 12 4d f6 07 ca 00 0b c6 ae c6 ae 2f 34 3b d8 09 79 08 90 00 00 00 10 00 a2 00 00 a2 80 00 8c 00 00 00 10 00 01 64 a0 00 00 b6 30 de c8 10 00 86 61 e7 07 c9 00 0b 16 aa 16 aa 2f 34 3b d8 09 a0 00 00 b6 30 de c8 10 00 86 61 e7 07 c9 00 0b 16 aa 16 aa 2f 34 3b d8 09 b4 18 13 00 59 6f 75 20 6c 6f 73 65 20 31 32 30 30 20 6d 61 6e 61 2e 84 59 04 10 04 05 05 04 00 31 2e 32 4b b4 16 30 00 59 6f 75 20 77 65 72 65 20 64 6f 77 6e 67 72 61 64 65 64 20 66 72 6f 6d 20 4c 65 76 65 6c 20 32 30 32 20 74 6f 20 4c 65 76 65 6c 20 32 30 31 2e 92 00 00 00 10 00 a2 80 00 a0 00 00 b6 30 de c8 10 00 86 61 e7 07 c9 00 3e 16 aa 16 aa 2f 2c 3b d8 09 a1 79 36 47 14 2c 51 0a 00 0a 00 0a 00 0a 00 a2 80 00 a2 80 00 6c 59 04 10 04 05 02 28 

ProtocolGame parse message exception (336 bytes, 171 unread, last opcode is 0xaa (170), prev opcode is 0xb4 (180), proto: 860): unknown message mode 0
54 01 a1 a6 f0 58 48 01 b4 12 5e 00 5b 50 56 50 5d 20 6f 20 6a 6f 67 61 64 6f 72 20 5b 43 72 61 7a 7a 79 5d 20 28 35 37 37 29 20 63 6f 6d 65 75 20 61 20 6d 61 65 20 64 6f 20 5b 4d 61 6a 6f 72 74 65 78 61 73 5d 20 28 32 30 32 29 20 6b 6b 6b 6b 6b 6b 6b 20 61 67 6f 72 61 20 70 6f 73 73 75 69 20 32 20 6b 69 6c 6c 73 2e 
b4 19 2d 00 50 61 72 61 62 65 6e 73 21 2c 20 43 6f 6d 65 75 20 6f 20 63 75 20 64 6f 20 63 61 72 61 20 6b 6b 6b 20 5b 54 6f 74 61 6c 3a 20 33 5d 2e 
aa 00 00 00 00 00 00 00 00 00 0f 00 60 00 74 68 65 20 70 6c 61 79 65 72 20 4d 61 6a 6f 72 74 65 78 61 73 20 5b 32 30 32 5d 20 20 73 74 61 72 74 65 64 20 6d 6f 76 69 6e 67 20 62 61 63 6b 77 61 72 64 73 20 73 65 20 66 75 64 65 75 20 61 70 6f 73 20 6d 6f 72 72 65 72 20 70 65 6c 6f 3a 20 43 72 61 7a 7a 79 20 5b 35 37 37 5d 20 20 2e 6c 59 04 10 04 05 01 6a 59 04 10 04 05 01 46 0b 05 6a 59 04 10 04 05 03 90 10 90 00 00 00 10 00 8c 00 00 00 10 00 01 64 84 59 04 10 04 05 05 04 00 31 2e 32 4b 92 00 00 00 10 01 a3 00 00 00 00 6c 59 04 10 04 05 02 

ProtocolGame parse message exception (236 bytes, 29 unread, last opcode is 0xaa (170), prev opcode is 0x8c (140), proto: 860): InputMessage eof reached
ec 00 6c 79 49 b0 e4 00 83 5a 04 12 04 05 8d 00 83 5b 04 12 04 05 55 01 86 01 00 00 10 00 8c 02 00 00 10 5c 01 64 a0 21 bf b6 30 be c5 10 00 86 61 e7 07 c9 00 3e 16 aa 16 aa 2f 2c 3b d8 09 a0 21 bf b6 30 be c5 10 00 86 61 e7 07 c9 00 3e 16 aa 16 aa 2f 2c 3b d8 09 8c 02 00 00 10 5c 01 64 6a 58 04 10 04 05 01 49 0b 05 83 58 04 10 04 05 01 00 b4 18 34 00 59 6f 75 20 6c 6f 73 65 20 32 39 30 37 37 20 68 69 74 70 6f 69 6e 74 73 20 64 75 65 20 74 6f 20 61 6e 20 61 74 74 61 63 6b 20 62 79 20 43 72 61 7a 7a 79 2e 84 58 04 10 04 05 b4 05 00 32 39 2e 31 4b 83 58 04 10 04 05 2c 01 
8c 01 00 00 10 64 01 63 
aa 00 00 00 00 41 02 13 56 04 12 04 05 15 00 59 61 6d 69 20 47 72 65 61 74 65 73 74 20 45 63 6c 69 70 73 65 

ProtocolGame parse message exception (298 bytes, 119 unread, last opcode is 0xaa (170), prev opcode is 0xa0 (160), proto: 860): InputMessage eof reached
2c 01 57 92 f5 11 22 01 83 5a 04 12 04 05 8d 00 83 5b 04 12 04 05 55 01 8c 02 00 00 10 5c 01 64 8c 02 00 00 10 5c 01 64 6a 58 04 10 04 05 01 49 0b 05 83 58 04 10 04 05 01 00 b4 18 34 00 4d 61 6a 6f 72 74 65 78 61 73 20 6c 6f 73 65 73 20 32 39 30 37 37 20 68 69 74 70 6f 69 6e 74 73 20 64 75 65 20 74 6f 20 79 6f 75 72 20 61 74 74 61 63 6b 2e 84 58 04 10 04 05 b4 05 00 32 39 2e 31 4b 83 58 04 10 04 05 2c 01 a2 80 30 8c 01 00 00 10 64 01 63 
a0 64 00 64 00 36 6b 2c 00 ff ff ff 7f 41 02 56 62 00 64 00 83 01 c8 d4 09 
aa 00 00 00 00 41 02 13 56 04 12 04 05 15 00 59 61 6d 69 20 47 72 65 61 74 65 73 74 20 45 63 6c 69 70 73 65 b4 1a 12 00 59 6f 75 20 61 72 65 20 65 78 68 61 75 73 74 65 64 2e 83 56 04 12 04 05 03 00 b4 1a 12 00 59 6f 75 20 61 72 65 20 65 78 68 61 75 73 74 65 64 2e 83 56 04 12 04 05 03 00 b4 1a 12 00 59 6f 75 20 61 72 65 20 65 78 68 61 75 73 74 65 64 2e 83 56 04 12 04 05 03 00 

ProtocolGame parse message exception (80 bytes, 27 unread, last opcode is 0xaa (170), prev opcode is 0x8c (140), proto: 860): InputMessage eof reached
54 00 0d 24 4c 9c 48 00 83 59 04 10 04 05 d9 00 8c 02 00 00 10 5f 01 64 84 58 04 10 04 05 5f 05 00 2b 39 37 30 35 
8c 02 00 00 10 5f 01 64 
aa 00 00 00 00 c9 00 13 58 04 10 04 05 13 00 53 68 6f 6e 65 6e 20 52 65 67 65 6e 65 72 61 74 69 6f 6e 

ProtocolGame parse message exception (176 bytes, 27 unread, last opcode is 0xaa (170), prev opcode is 0xa0 (160), proto: 860): InputMessage eof reached
b4 00 28 55 cb c8 a8 00 83 59 04 10 04 05 d9 00 8c 02 00 00 10 5f 01 64 a0 0a e5 b6 30 be c5 10 00 86 61 e7 07 c9 00 3e 16 aa 16 aa 2f 2c 3b d8 09 84 58 04 10 04 05 5f 05 00 2b 39 37 30 35 b4 18 27 00 59 6f 75 20 68 65 61 6c 65 64 20 79 6f 75 72 73 65 6c 66 20 66 6f 72 20 39 37 30 35 20 68 69 74 70 6f 69 6e 74 73 2e a2 80 00 8c 02 00 00 10 5f 01 64 
a0 0a e5 b6 30 be c5 10 00 86 61 e7 07 c9 00 3e b2 a9 16 aa 2f 2c 3b d8 09 
aa 00 00 00 00 c9 00 13 58 04 10 04 05 13 00 53 68 6f 6e 65 6e 20 52 65 67 65 6e 65 72 61 74 69 6f 6e 

ProtocolGame parse message exception (80 bytes, 27 unread, last opcode is 0xaa (170), prev opcode is 0x8c (140), proto: 860): InputMessage eof reached
54 00 cf 26 b3 2d 48 00 83 59 04 10 04 05 d9 00 8c 02 00 00 10 62 01 64 84 58 04 10 04 05 5f 05 00 2b 39 39 33 30 
8c 02 00 00 10 62 01 64 
aa 00 00 00 00 c9 00 13 58 04 10 04 05 13 00 53 68 6f 6e 65 6e 20 52 65 67 65 6e 65 72 61 74 69 6f 6e 

ProtocolGame parse message exception (173 bytes, 27 unread, last opcode is 0xaa (170), prev opcode is 0xa0 (160), proto: 860): InputMessage eof reached
ac 00 38 4c 54 89 a5 00 83 59 04 10 04 05 d9 00 8c 02 00 00 10 62 01 64 a0 2c 0e b6 30 be c5 10 00 86 61 e7 07 c9 00 3e 16 aa 16 aa 2f 2c 3b d8 09 84 58 04 10 04 05 5f 05 00 2b 39 39 33 30 b4 18 27 00 59 6f 75 20 68 65 61 6c 65 64 20 79 6f 75 72 73 65 6c 66 20 66 6f 72 20 39 39 33 30 20 68 69 74 70 6f 69 6e 74 73 2e 8c 02 00 00 10 62 01 64 
a0 2c 0e b6 30 be c5 10 00 86 61 e7 07 c9 00 3e b2 a9 16 aa 2f 2c 3b d8 09 
aa 00 00 00 00 c9 00 13 58 04 10 04 05 13 00 53 68 6f 6e 65 6e 20 52 65 67 65 6e 65 72 61 74 69 6f 6e 

ProtocolGame parse message exception (80 bytes, 27 unread, last opcode is 0xaa (170), prev opcode is 0x8c (140), proto: 860): InputMessage eof reached
54 00 b5 24 3a c8 48 00 83 59 04 10 04 05 d9 00 8c 02 00 00 10 64 01 64 84 58 04 10 04 05 5f 05 00 2b 38 32 34 32 
8c 02 00 00 10 64 01 64 
aa 00 00 00 00 c9 00 13 58 04 10 04 05 13 00 53 68 6f 6e 65 6e 20 52 65 67 65 6e 65 72 61 74 69 6f 6e 

ProtocolGame parse message exception (173 bytes, 27 unread, last opcode is 0xaa (170), prev opcode is 0xa0 (160), proto: 860): InputMessage eof reached
ac 00 70 4c 2f df a5 00 83 59 04 10 04 05 d9 00 8c 02 00 00 10 64 01 64 a0 b6 30 b6 30 be c5 10 00 86 61 e7 07 c9 00 3e 16 aa 16 aa 2f 2c 3b d8 09 84 58 04 10 04 05 5f 05 00 2b 38 32 34 32 b4 18 27 00 59 6f 75 20 68 65 61 6c 65 64 20 79 6f 75 72 73 65 6c 66 20 66 6f 72 20 38 32 34 32 20 68 69 74 70 6f 69 6e 74 73 2e 8c 02 00 00 10 64 01 64 
a0 b6 30 b6 30 be c5 10 00 86 61 e7 07 c9 00 3e b2 a9 16 aa 2f 2c 3b d8 09 
aa 00 00 00 00 c9 00 13 58 04 10 04 05 13 00 53 68 6f 6e 65 6e 20 52 65 67 65 6e 65 72 61 74 69 6f 6e 

ProtocolGame parse message exception (169 bytes, 17 unread, last opcode is 0xaa (170), prev opcode is 0xa2 (162), proto: 860): InputMessage eof reached
ac 00 cf 5c 59 ad a1 00 a0 64 00 64 00 36 6b 2c 00 ff ff ff 7f 41 02 56 64 00 64 00 83 02 c8 d4 09 a2 80 10 8c 01 00 00 10 64 01 00 a0 64 00 64 00 36 6b 2c 00 ff ff ff 7f 41 02 56 00 00 64 00 83 02 c8 d4 09 a0 64 00 64 00 36 6b 2c 00 ff ff ff 7f 41 02 56 00 00 64 00 83 02 c8 d4 09 b4 18 15 00 59 6f 75 20 6c 6f 73 65 20 36 38 32 39 38 35 20 6d 61 6e 61 2e 84 55 04 12 04 05 05 06 00 36 38 33 2e 30 4b 83 55 04 12 04 05 03 00 
a2 80 10 
aa 00 00 00 00 41 02 13 55 04 12 04 05 09 00 4d 61 6e 61 20 44 6f 77 6e 

ProtocolGame parse message exception (31 bytes, 16 unread, last opcode is 0xaa (170), prev opcode is 0xffffffff (-1), proto: 860): InputMessage eof reached
24 00 8b 0e bc e1 17 00 
aa 00 00 00 00 41 02 01 43 04 12 04 05 08 00 61 73 6b 64 6b 61 64 73 

ProtocolGame parse message exception (33 bytes, 18 unread, last opcode is 0xaa (170), prev opcode is 0xffffffff (-1), proto: 860): InputMessage eof reached
24 00 f5 10 64 12 19 00 
aa 00 00 00 00 41 02 01 43 04 12 04 05 0a 00 61 6b 73 64 6b 61 6b 64 73 61 

ProtocolGame parse message exception (31 bytes, 16 unread, last opcode is 0xaa (170), prev opcode is 0xffffffff (-1), proto: 860): InputMessage eof reached
24 00 18 10 48 f2 17 00 
aa 00 00 00 00 41 02 01 43 04 12 04 05 08 00 61 73 6b 64 61 6b 73 64 

ProtocolGame parse message exception (34 bytes, 19 unread, last opcode is 0xaa (170), prev opcode is 0xffffffff (-1), proto: 860): InputMessage eof reached
24 00 71 11 03 06 1a 00 
aa 00 00 00 00 c9 00 01 58 04 0d 04 05 0b 00 73 61 64 73 61 6b 64 61 6b 73 64 

ProtocolGame parse message exception (38 bytes, 23 unread, last opcode is 0xaa (170), prev opcode is 0xffffffff (-1), proto: 860): InputMessage eof reached
24 00 02 0d 36 d3 1e 00 
aa 00 00 00 00 c9 00 01 58 04 0a 04 05 0f 00 61 73 6b 64 73 61 6b 64 73 61 6b 64 73 6b 61 

ProtocolGame parse message exception (32 bytes, 17 unread, last opcode is 0xaa (170), prev opcode is 0xffffffff (-1), proto: 860): InputMessage eof reached
24 00 47 0e 2c d6 18 00 
aa 00 00 00 00 c9 00 01 58 04 0a 04 05 09 00 73 6b 64 61 6b 64 73 6b 64 

ProtocolGame parse message exception (34 bytes, 19 unread, last opcode is 0xaa (170), prev opcode is 0xffffffff (-1), proto: 860): InputMessage eof reached
24 00 cd 0f b0 10 1a 00 
aa 00 00 00 00 c9 00 01 58 04 0a 04 05 0b 00 73 61 6b 64 73 61 6b 64 73 61 6b 

ProtocolGame parse message exception (53 bytes, 38 unread, last opcode is 0xaa (170), prev opcode is 0xffffffff (-1), proto: 860): InputMessage eof reached
34 00 40 17 c5 11 2d 00 
aa 00 00 00 00 c9 00 01 58 04 0a 04 05 1e 00 61 6b 73 64 61 6b 64 61 6b 64 73 61 6b 64 6b 61 64 6b 61 6b 64 61 6b 64 61 6b 64 6b 61 64 

ProtocolGame parse message exception (309 bytes, 147 unread, last opcode is 0xaa (170), prev opcode is 0xb4 (180), proto: 860): unknown message mode 0
34 01 c3 9d 69 83 2d 01 b4 12 5b 00 5b 50 56 50 5d 20 6f 20 6a 6f 67 61 64 6f 72 20 5b 43 72 61 7a 7a 79 5d 20 28 35 37 37 29 20 70 61 73 73 6f 20 61 20 62 61 6e 61 6e 61 20 6e 6f 20 5b 4d 61 6a 6f 72 74 65 78 61 73 5d 20 28 32 30 31 29 20 65 20 61 67 6f 72 61 20 70 6f 73 73 75 69 20 32 20 6b 69 6c 6c 73 2e 
b4 19 2d 00 50 61 72 61 62 65 6e 73 21 2c 20 43 6f 6d 65 75 20 6f 20 63 75 20 64 6f 20 63 61 72 61 20 6b 6b 6b 20 5b 54 6f 74 61 6c 3a 20 33 5d 2e 
aa 00 00 00 00 00 00 00 00 00 0f 00 57 00 74 68 65 20 70 6c 61 79 65 72 20 4d 61 6a 6f 72 74 65 78 61 73 20 5b 32 30 31 5d 20 20 74 61 20 6f 66 66 20 76 69 61 64 69 6e 68 6f 20 73 65 20 66 75 64 65 75 20 61 70 6f 73 20 6d 6f 72 72 65 72 20 70 65 6c 6f 3a 20 43 72 61 7a 7a 79 20 5b 35 37 37 5d 20 20 2e 6c 5a 04 10 04 05 02 6a 5a 04 10 04 05 02 46 0b 05 6a 5a 04 10 04 05 04 90 10 90 00 00 00 10 00 a3 00 00 00 00 6c 5a 04 10 04 05 03 6d 5c 04 10 04 06 01 5c 04 11 04 06 

ProtocolGame parse message exception (354 bytes, 241 unread, last opcode is 0xaa (170), prev opcode is 0xb4 (180), proto: 860): unknown message mode 0
64 01 0e a9 a5 20 5a 01 
b4 12 5b 00 5b 50 56 50 5d 20 6f 20 6a 6f 67 61 64 6f 72 20 5b 43 72 61 7a 7a 79 5d 20 28 35 37 37 29 20 70 61 73 73 6f 20 61 20 62 61 6e 61 6e 61 20 6e 6f 20 5b 4d 61 6a 6f 72 74 65 78 61 73 5d 20 28 32 30 31 29 20 65 20 61 67 6f 72 61 20 70 6f 73 73 75 69 20 32 20 6b 69 6c 6c 73 2e 
aa 00 00 00 00 00 00 00 00 00 0f 00 57 00 74 68 65 20 70 6c 61 79 65 72 20 4d 61 6a 6f 72 74 65 78 61 73 20 5b 32 30 31 5d 20 20 74 61 20 6f 66 66 20 76 69 61 64 69 6e 68 6f 20 73 65 20 66 75 64 65 75 20 61 70 6f 73 20 6d 6f 72 72 65 72 20 70 65 6c 6f 3a 20 43 72 61 7a 7a 79 20 5b 35 37 37 5d 20 20 2e 6c 5a 04 10 04 05 02 6a 5a 04 10 04 05 02 46 0b 05 6a 5a 04 10 04 05 04 90 10 79 03 a0 00 00 b6 30 de c8 10 00 86 61 e7 07 c9 00 3e 16 aa 16 aa 2f 2d 3b d8 09 79 03 79 04 a2 80 00 a0 00 00 b6 30 df c8 10 00 86 61 e7 07 c9 00 3e 16 aa 16 aa 2f 2d 3b d8 09 79 04 90 00 00 00 10 00 a2 00 00 a2 00 00 a0 00 00 b6 30 df c8 10 00 22 a1 d8 07 c9 00 0d 16 aa 16 aa 2f 25 3b d8 09 a1 79 2e 47 10 2c 4c 0a 00 0a 00 0a 00 0a 00 a2 00 00 6c 5a 04 10 04 05 03 28 

ProtocolGame parse message exception (512 bytes, 398 unread, last opcode is 0xaa (170), prev opcode is 0xb4 (180), proto: 860): unknown message mode 0
04 02 da fa 4a 49 f8 01 
b4 12 5c 00 5b 50 56 50 5d 20 6f 20 6a 6f 67 61 64 6f 72 20 5b 43 72 61 7a 7a 79 5d 20 28 35 37 37 29 20 64 65 67 6f 6c 6f 75 20 6f 20 62 6f 62 61 6f 20 64 6f 20 5b 4d 61 6a 6f 72 74 65 78 61 73 5d 20 28 32 30 31 29 20 65 20 61 67 6f 72 61 20 70 6f 73 73 75 69 20 32 20 6b 69 6c 6c 73 2e 
aa 00 00 00 00 00 00 00 00 00 0f 00 62 00 74 68 65 20 70 6c 61 79 65 72 20 4d 61 6a 6f 72 74 65 78 61 73 20 5b 32 30 31 5d 20 20 66 6f 69 20 64 65 20 62 61 73 65 20 6b 6b 6b 6b 6b 6b 6b 20 6f 74 61 72 69 6f 20 73 65 20 66 75 64 65 75 20 61 70 6f 73 20 6d 6f 72 72 65 72 20 70 65 6c 6f 3a 20 43 72 61 7a 7a 79 20 5b 35 37 37 5d 20 20 2e 6c 59 04 0f 04 05 01 6a 59 04 0f 04 05 01 46 0b 05 6a 59 04 0f 04 05 03 90 10 79 03 a0 00 00 b6 30 df c8 10 00 22 a1 d8 07 c9 00 0d 78 05 16 aa 30 62 3b d8 09 79 03 79 07 a2 80 00 a0 00 00 b6 30 e0 c8 10 00 22 a1 d8 07 c9 00 0d 78 05 16 aa 30 62 3b d8 09 79 07 90 01 00 00 10 00 a2 00 00 8c 01 00 00 10 00 01 64 a0 00 00 12 2a 58 b5 10 00 be e0 c9 07 c8 00 0d 66 a5 66 a5 30 62 3b d8 09 84 59 04 0f 04 05 70 07 00 2b 32 33 37 35 35 30 b4 18 26 00 59 6f 75 20 61 72 65 20 72 65 67 65 6e 65 72 61 74 65 64 20 77 69 74 68 20 32 33 37 35 35 30 20 6d 61 6e 61 73 2e b4 16 30 00 59 6f 75 20 77 65 72 65 20 64 6f 77 6e 67 72 61 64 65 64 20 66 72 6f 6d 20 4c 65 76 65 6c 20 32 30 31 20 74 6f 20 4c 65 76 65 6c 20 32 30 30 2e 92 01 00 00 10 00 a2 00 00 a0 00 00 12 2a 58 b5 10 00 be e0 c9 07 c8 00 41 66 a5 66 a5 30 5a 3b d8 09 a1 79 26 47 0c 2c 48 0a 00 0a 00 0a 00 0a 00 6c 59 04 0f 04 05 02 28 

ProtocolGame parse message exception (339 bytes, 176 unread, last opcode is 0xaa (170), prev opcode is 0xb4 (180), proto: 860): unknown message mode 0
54 01 60 a5 fa 98 4b 01 b4 12 5c 00 5b 50 56 50 5d 20 6f 20 6a 6f 67 61 64 6f 72 20 5b 43 72 61 7a 7a 79 5d 20 28 35 37 37 29 20 64 65 67 6f 6c 6f 75 20 6f 20 62 6f 62 61 6f 20 64 6f 20 5b 4d 61 6a 6f 72 74 65 78 61 73 5d 20 28 32 30 31 29 20 65 20 61 67 6f 72 61 20 70 6f 73 73 75 69 20 32 20 6b 69 6c 6c 73 2e 
b4 19 2d 00 50 61 72 61 62 65 6e 73 21 2c 20 43 6f 6d 65 75 20 6f 20 63 75 20 64 6f 20 63 61 72 61 20 6b 6b 6b 20 5b 54 6f 74 61 6c 3a 20 33 5d 2e 
aa 00 00 00 00 00 00 00 00 00 0f 00 62 00 74 68 65 20 70 6c 61 79 65 72 20 4d 61 6a 6f 72 74 65 78 61 73 20 5b 32 30 31 5d 20 20 66 6f 69 20 64 65 20 62 61 73 65 20 6b 6b 6b 6b 6b 6b 6b 20 6f 74 61 72 69 6f 20 73 65 20 66 75 64 65 75 20 61 70 6f 73 20 6d 6f 72 72 65 72 20 70 65 6c 6f 3a 20 43 72 61 7a 7a 79 20 5b 35 37 37 5d 20 20 2e 6c 59 04 0f 04 05 01 6a 59 04 0f 04 05 01 46 0b 05 6a 59 04 0f 04 05 03 90 10 90 01 00 00 10 00 8c 01 00 00 10 00 01 64 84 59 04 0f 04 05 70 07 00 2b 32 33 37 35 35 30 92 01 00 00 10 01 a3 00 00 00 00 6c 59 04 0f 04 05 02 

ProtocolGame parse message exception (319 bytes, 154 unread, last opcode is 0xaa (170), prev opcode is 0xb4 (180), proto: 860): unknown message mode 0
44 01 0d 9d 22 05 37 01 b4 12 5e 00 5b 50 56 50 5d 20 6f 20 6a 6f 67 61 64 6f 72 20 5b 43 72 61 7a 7a 79 5d 20 28 35 37 37 29 20 63 6f 6d 65 75 20 61 20 6d 61 65 20 64 6f 20 5b 4d 61 6a 6f 72 74 65 78 61 73 5d 20 28 32 30 30 29 20 6b 6b 6b 6b 6b 6b 6b 20 61 67 6f 72 61 20 70 6f 73 73 75 69 20 32 20 6b 69 6c 6c 73 2e 
b4 19 2d 00 50 61 72 61 62 65 6e 73 21 2c 20 43 6f 6d 65 75 20 6f 20 63 75 20 64 6f 20 63 61 72 61 20 6b 6b 6b 20 5b 54 6f 74 61 6c 3a 20 33 5d 2e 
aa 00 00 00 00 00 00 00 00 00 0f 00 6a 00 74 68 65 20 70 6c 61 79 65 72 20 4d 61 6a 6f 72 74 65 78 61 73 20 5b 32 30 30 5d 20 20 66 6f 69 20 6c 65 76 65 6d 65 6e 74 65 20 64 65 63 61 70 69 74 61 64 6f 20 70 65 6c 6f 20 62 69 78 6f 20 73 65 20 66 75 64 65 75 20 61 70 6f 73 20 6d 6f 72 72 65 72 20 70 65 6c 6f 3a 20 43 72 61 7a 7a 79 20 5b 35 37 37 5d 20 20 2e 6c 5a 04 0f 04 05 02 6a 5a 04 0f 04 05 02 46 0b 05 6a 5a 04 0f 04 05 04 90 10 90 01 00 00 10 00 a3 00 00 00 00 6c 5a 04 0f 04 05 03 

ProtocolGame parse message exception (341 bytes, 225 unread, last opcode is 0xaa (170), prev opcode is 0xb4 (180), proto: 860): unknown message mode 0
54 01 c4 9f a8 30 4d 01 
b4 12 5e 00 5b 50 56 50 5d 20 6f 20 6a 6f 67 61 64 6f 72 20 5b 43 72 61 7a 7a 79 5d 20 28 35 37 37 29 20 63 6f 6d 65 75 20 61 20 6d 61 65 20 64 6f 20 5b 4d 61 6a 6f 72 74 65 78 61 73 5d 20 28 32 30 30 29 20 6b 6b 6b 6b 6b 6b 6b 20 61 67 6f 72 61 20 70 6f 73 73 75 69 20 32 20 6b 69 6c 6c 73 2e 
aa 00 00 00 00 00 00 00 00 00 0f 00 6a 00 74 68 65 20 70 6c 61 79 65 72 20 4d 61 6a 6f 72 74 65 78 61 73 20 5b 32 30 30 5d 20 20 66 6f 69 20 6c 65 76 65 6d 65 6e 74 65 20 64 65 63 61 70 69 74 61 64 6f 20 70 65 6c 6f 20 62 69 78 6f 20 73 65 20 66 75 64 65 75 20 61 70 6f 73 20 6d 6f 72 72 65 72 20 70 65 6c 6f 3a 20 43 72 61 7a 7a 79 20 5b 35 37 37 5d 20 20 2e 6c 5a 04 0f 04 05 02 6a 5a 04 0f 04 05 02 46 0b 05 6a 5a 04 0f 04 05 04 90 10 79 03 a0 00 00 12 2a 58 b5 10 00 be e0 c9 07 c8 00 41 72 a3 66 a5 30 5a 3b d8 09 79 03 90 01 00 00 10 00 a2 00 00 a2 00 00 a0 00 00 12 2a 58 b5 10 00 4b 4b bb 07 c8 00 10 72 a3 66 a5 30 52 3b d8 09 a1 79 1f 47 08 2c 44 0a 00 0a 00 0a 00 0a 00 6c 5a 04 0f 04 05 03 28 

ProtocolGame parse message exception (327 bytes, 213 unread, last opcode is 0xaa (170), prev opcode is 0xb4 (180), proto: 860): unknown message mode 0
4c 01 e5 a3 4c 11 3f 01 
b4 12 5c 00 5b 50 56 50 5d 20 6f 20 6a 6f 67 61 64 6f 72 20 5b 43 72 61 7a 7a 79 5d 20 28 35 37 37 29 20 70 61 73 73 6f 75 20 61 20 62 61 6e 61 6e 61 20 6e 6f 20 5b 4d 61 6a 6f 72 74 65 78 61 73 5d 20 28 31 39 39 29 20 65 20 61 67 6f 72 61 20 70 6f 73 73 75 69 20 32 20 6b 69 6c 6c 73 2e 
aa 00 00 00 00 00 00 00 00 00 0f 00 5e 00 74 68 65 20 70 6c 61 79 65 72 20 4d 61 6a 6f 72 74 65 78 61 73 20 5b 31 39 39 5d 20 20 73 74 75 6d 62 6c 65 64 20 61 6e 64 20 77 65 6e 74 20 62 61 73 65 20 73 65 20 66 75 64 65 75 20 61 70 6f 73 20 6d 6f 72 72 65 72 20 70 65 6c 6f 3a 20 43 72 61 7a 7a 79 20 5b 35 37 37 5d 20 20 2e 6c 5a 04 10 04 05 02 6a 5a 04 10 04 05 02 46 0b 05 6a 5a 04 10 04 05 04 90 10 79 03 a0 00 00 6e 23 d0 a1 10 00 d8 b5 ac 07 c7 00 43 c2 9e b6 a0 30 4b 3b d8 09 79 03 90 01 00 00 10 00 a2 00 00 a2 00 00 a0 00 00 6e 23 d0 a1 10 00 20 4b 9e 07 c7 00 13 c2 9e b6 a0 30 43 3b d8 09 a1 79 10 46 01 2c 3c 0a 00 0a 00 0a 00 0a 00 6c 5a 04 10 04 05 03 28 

ProtocolGame parse message exception (485 bytes, 142 unread, last opcode is 0xaa (170), prev opcode is 0xb4 (180), proto: 860): unknown message mode 0
e4 01 7b ee 13 31 dd 01 b4 1a 21 00 59 6f 75 20 63 61 6e 20 6f 6e 6c 79 20 75 73 65 20 69 74 20 6f 6e 20 63 72 65 61 74 75 72 65 73 2e 83 57 04 10 04 05 03 00 b4 1a 21 00 59 6f 75 20 63 61 6e 20 6f 6e 6c 79 20 75 73 65 20 69 74 20 6f 6e 20 63 72 65 61 74 75 72 65 73 2e 83 57 04 10 04 05 03 00 b4 1a 21 00 59 6f 75 20 63 61 6e 20 6f 6e 6c 79 20 75 73 65 20 69 74 20 6f 6e 20 63 72 65 61 74 75 72 65 73 2e 83 57 04 10 04 05 03 00 b4 1a 21 00 59 6f 75 20 63 61 6e 20 6f 6e 6c 79 20 75 73 65 20 69 74 20 6f 6e 20 63 72 65 61 74 75 72 65 73 2e 83 57 04 10 04 05 03 00 b4 12 5c 00 5b 50 56 50 5d 20 6f 20 6a 6f 67 61 64 6f 72 20 5b 43 72 61 7a 7a 79 5d 20 28 35 37 37 29 20 70 61 73 73 6f 75 20 61 20 62 61 6e 61 6e 61 20 6e 6f 20 5b 4d 61 6a 6f 72 74 65 78 61 73 5d 20 28 31 39 39 29 20 65 20 61 67 6f 72 61 20 70 6f 73 73 75 69 20 32 20 6b 69 6c 6c 73 2e 
b4 19 2d 00 50 61 72 61 62 c3 a9 6e 73 21 20 43 6f 6d 65 75 20 6f 20 63 75 20 64 6f 20 63 61 72 61 20 6b 6b 6b 20 5b 54 6f 74 61 6c 3a 20 33 5d 2e 
aa 00 00 00 00 00 00 00 00 00 0f 00 5e 00 74 68 65 20 70 6c 61 79 65 72 20 4d 61 6a 6f 72 74 65 78 61 73 20 5b 31 39 39 5d 20 20 73 74 75 6d 62 6c 65 64 20 61 6e 64 20 77 65 6e 74 20 62 61 73 65 20 73 65 20 66 75 64 65 75 20 61 70 6f 73 20 6d 6f 72 72 65 72 20 70 65 6c 6f 3a 20 43 72 61 7a 7a 79 20 5b 35 37 37 5d 20 20 2e 6c 5a 04 10 04 05 02 6a 5a 04 10 04 05 02 46 0b 05 6a 5a 04 10 04 05 04 90 10 90 01 00 00 10 00 a3 00 00 00 00 6c 5a 04 10 04 05 03 

ProtocolGame parse message exception (488 bytes, 373 unread, last opcode is 0xaa (170), prev opcode is 0xb4 (180), proto: 860): unknown message mode 0
ec 01 07 eb ea eb e0 01 
b4 12 5d 00 5b 50 56 50 5d 20 6f 20 6a 6f 67 61 64 6f 72 20 5b 43 72 61 7a 7a 79 5d 20 28 35 37 37 29 20 64 65 67 6f 6c 6f 75 20 6f 20 62 6f 62 c3 a3 6f 20 64 6f 20 5b 4d 61 6a 6f 72 74 65 78 61 73 5d 20 28 31 39 39 29 20 65 20 61 67 6f 72 61 20 70 6f 73 73 75 69 20 32 20 6b 69 6c 6c 73 2e 
aa 00 00 00 00 00 00 00 00 00 0f 00 62 00 74 68 65 20 70 6c 61 79 65 72 20 4d 61 6a 6f 72 74 65 78 61 73 20 5b 31 39 39 5d 20 20 66 6f 69 20 64 65 20 62 61 73 65 20 6b 6b 6b 6b 6b 6b 6b 20 6f 74 61 72 69 6f 20 73 65 20 66 75 64 65 75 20 61 70 6f 73 20 6d 6f 72 72 65 72 20 70 65 6c 6f 3a 20 43 72 61 7a 7a 79 20 5b 35 37 37 5d 20 20 2e 6c 5a 04 10 04 05 02 6a 5a 04 10 04 05 02 46 0b 05 6a 5a 04 10 04 05 04 90 10 79 03 a0 00 00 6e 23 d0 a1 10 00 20 4b 9e 07 c7 00 13 26 9f b6 a0 30 43 3b d8 09 79 03 90 01 00 00 10 00 a2 00 00 a2 00 00 a2 80 00 8c 01 00 00 10 00 01 64 a0 00 00 ca 1c 48 8e 10 00 68 e0 8f 07 c6 00 13 06 9c 06 9c 30 43 3b d8 09 a0 00 00 ca 1c 48 8e 10 00 68 e0 8f 07 c6 00 13 06 9c 06 9c 30 43 3b d8 09 b4 18 12 00 59 6f 75 20 6c 6f 73 65 20 38 30 30 20 6d 61 6e 61 2e 84 5a 04 10 04 05 05 03 00 38 30 30 b4 16 30 00 59 6f 75 20 77 65 72 65 20 64 6f 77 6e 67 72 61 64 65 64 20 66 72 6f 6d 20 4c 65 76 65 6c 20 31 39 39 20 74 6f 20 4c 65 76 65 6c 20 31 39 38 2e 92 01 00 00 10 00 a2 80 00 a0 00 00 ca 1c 48 8e 10 00 68 e0 8f 07 c6 00 46 06 9c 06 9c 30 3c 3b d8 09 a1 79 08 46 61 2c 38 0a 00 0a 00 0a 00 0a 00 6c 5a 04 10 04 05 03 28 

ProtocolGame parse message exception (287 bytes, 172 unread, last opcode is 0xaa (170), prev opcode is 0xb4 (180), proto: 860): unknown message mode 0
24 01 9a 8c ef f5 17 01 
b4 12 5d 00 5b 50 56 50 5d 20 6f 20 6a 6f 67 61 64 6f 72 20 5b 43 72 61 7a 7a 79 5d 20 28 35 37 37 29 20 64 65 67 6f 6c 6f 75 20 6f 20 62 6f 62 c3 a3 6f 20 64 6f 20 5b 4d 61 6a 6f 72 74 65 78 61 73 5d 20 28 31 39 39 29 20 65 20 61 67 6f 72 61 20 70 6f 73 73 75 69 20 32 20 6b 69 6c 6c 73 2e 
aa 00 00 00 00 00 00 00 00 00 0f 00 62 00 74 68 65 20 70 6c 61 79 65 72 20 4d 61 6a 6f 72 74 65 78 61 73 20 5b 31 39 39 5d 20 20 66 6f 69 20 64 65 20 62 61 73 65 20 6b 6b 6b 6b 6b 6b 6b 20 6f 74 61 72 69 6f 20 73 65 20 66 75 64 65 75 20 61 70 6f 73 20 6d 6f 72 72 65 72 20 70 65 6c 6f 3a 20 43 72 61 7a 7a 79 20 5b 35 37 37 5d 20 20 2e 6c 5a 04 10 04 05 02 6a 5a 04 10 04 05 02 46 0b 05 6a 5a 04 10 04 05 04 90 10 90 01 00 00 10 00 8c 01 00 00 10 00 01 64 84 5a 04 10 04 05 05 03 00 38 30 30 92 01 00 00 10 01 a3 00 00 00 00 6c 5a 04 10 04 05 03 

